Info: constrained 'clk' to bel 'X24/Y0/io1'
Info: constrained 'LEDS' to bel 'X0/Y6/io1'
Info: constrained 'resetn' to bel 'X17/Y0/io0'
Info: constrained 'TXD' to bel 'X33/Y29/io1'
Info: constrained 'RXD' to bel 'X8/Y33/io1'
Info: constrained 'PWM_LED_OUT' to bel 'X22/Y0/io1'
Info: constrained 'PWM_AUDIO_OUT' to bel 'X0/Y5/io0'
Info: constrained 'BUTTONS_IN[0]' to bel 'X0/Y25/io1'
Info: constrained 'BUTTONS_IN[1]' to bel 'X0/Y25/io0'
Info: constrained 'BUTTONS_IN[2]' to bel 'X0/Y22/io1'
Info: constrained 'BUTTONS_IN[3]' to bel 'X0/Y22/io0'

Info: Packing constants..
Info: Packing IOs..
Info: Packing LUT-FFs..
Info:     1394 LCs used as LUT4 only
Info:      507 LCs used as LUT4 and DFF
Info: Packing non-LUT FFs..
Info:      222 LCs used as DFF only
Info: Packing carries..
Info:      141 LCs used as CARRY only
Info: Packing indirect carry+LUT pairs...
Info:      130 LUTs merged into carry LCs
Info: Packing RAMs..
Info: Placing PLLs..
Info: Packing special functions..
Info: Packing PLLs..
Info: Promoting globals..
Info: promoting clk$SB_IO_IN (fanout 769)
Info: promoting resetn_SB_LUT4_I3_O [reset] (fanout 404)
Info: promoting per_keyboard_pwm_.pwm_gen.freq_SB_LUT4_O_11_I3_SB_LUT4_I3_O[0] [reset] (fanout 33)
Info: promoting per_led_pwm_.led_pwm0.freq_latched_SB_DFFESR_Q_E_SB_LUT4_O_I0[3] [reset] (fanout 33)
Info: promoting per_keyboard_pwm_.pwm_gen.counter_SB_DFFSR_Q_R [reset] (fanout 32)
Info: promoting CPU.aluReg_SB_DFFE_Q_E [cen] (fanout 37)
Info: promoting CPU.registerFile.0.0_WCLKE_SB_LUT4_O_I3_SB_LUT4_O_I3_SB_LUT4_I3_O_SB_LUT4_I1_O [cen] (fanout 32)
Info: promoting CPU.registerFile.0.0_WCLKE_SB_LUT4_O_I3_SB_LUT4_O_I3_SB_LUT4_I3_O_SB_LUT4_I1_1_O [cen] (fanout 32)
Info: Constraining chains...
Info:       23 LCs used to legalise carry chains.
Info: Checksum: 0x9cd72871

Info: Device utilisation:
Info: 	         ICESTORM_LC:  2159/ 7680    28%
Info: 	        ICESTORM_RAM:    20/   32    62%
Info: 	               SB_IO:    11/  256     4%
Info: 	               SB_GB:     8/    8   100%
Info: 	        ICESTORM_PLL:     0/    2     0%
Info: 	         SB_WARMBOOT:     0/    1     0%

Info: Placed 11 cells based on constraints.
Info: Creating initial analytic placement for 1587 cells, random placement wirelen = 61020.
Info:     at initial placer iter 0, wirelen = 1019
Info:     at initial placer iter 1, wirelen = 951
Info:     at initial placer iter 2, wirelen = 991
Info:     at initial placer iter 3, wirelen = 933
Info: Running main analytical placer, max placement attempts per cell = 603900.
Info:     at iteration #1, type ALL: wirelen solved = 905, spread = 21431, legal = 22706; time = 0.04s
Info:     at iteration #2, type ALL: wirelen solved = 1135, spread = 18959, legal = 19875; time = 0.07s
Info:     at iteration #3, type ALL: wirelen solved = 1428, spread = 17476, legal = 18317; time = 0.04s
Info:     at iteration #4, type ALL: wirelen solved = 1619, spread = 15905, legal = 17485; time = 0.03s
Info:     at iteration #5, type ALL: wirelen solved = 2092, spread = 16386, legal = 17604; time = 0.03s
Info:     at iteration #6, type ALL: wirelen solved = 2440, spread = 16138, legal = 17666; time = 0.03s
Info:     at iteration #7, type ALL: wirelen solved = 2676, spread = 15684, legal = 17251; time = 0.10s
Info:     at iteration #8, type ALL: wirelen solved = 2756, spread = 15430, legal = 17124; time = 0.03s
Info:     at iteration #9, type ALL: wirelen solved = 3137, spread = 16331, legal = 17748; time = 0.03s
Info:     at iteration #10, type ALL: wirelen solved = 3411, spread = 15121, legal = 16659; time = 0.03s
Info:     at iteration #11, type ALL: wirelen solved = 3557, spread = 14568, legal = 16237; time = 0.03s
Info:     at iteration #12, type ALL: wirelen solved = 3748, spread = 15364, legal = 16752; time = 0.03s
Info:     at iteration #13, type ALL: wirelen solved = 4156, spread = 15643, legal = 16908; time = 0.33s
Info:     at iteration #14, type ALL: wirelen solved = 4425, spread = 15348, legal = 16636; time = 0.04s
Info:     at iteration #15, type ALL: wirelen solved = 4644, spread = 14602, legal = 16054; time = 0.04s
Info:     at iteration #16, type ALL: wirelen solved = 4748, spread = 14005, legal = 16250; time = 0.04s
Info:     at iteration #17, type ALL: wirelen solved = 4515, spread = 14189, legal = 15855; time = 0.03s
Info:     at iteration #18, type ALL: wirelen solved = 5069, spread = 13933, legal = 15181; time = 0.03s
Info:     at iteration #19, type ALL: wirelen solved = 4916, spread = 14059, legal = 15454; time = 0.03s
Info:     at iteration #20, type ALL: wirelen solved = 5239, spread = 14205, legal = 16211; time = 0.04s
Info:     at iteration #21, type ALL: wirelen solved = 5484, spread = 13976, legal = 15334; time = 1.01s
Info:     at iteration #22, type ALL: wirelen solved = 5335, spread = 14441, legal = 15979; time = 0.03s
Info:     at iteration #23, type ALL: wirelen solved = 5909, spread = 14159, legal = 15677; time = 0.08s
Info: HeAP Placer Time: 2.74s
Info:   of which solving equations: 0.60s
Info:   of which spreading cells: 0.07s
Info:   of which strict legalisation: 1.64s

Info: Running simulated annealing placer for refinement.
Info:   at iteration #1: temp = 0.000000, timing cost = 831, wirelen = 15181
Info:   at iteration #5: temp = 0.000000, timing cost = 663, wirelen = 11930
Info:   at iteration #10: temp = 0.000000, timing cost = 502, wirelen = 11083
Info:   at iteration #15: temp = 0.000000, timing cost = 546, wirelen = 10665
Info:   at iteration #20: temp = 0.000000, timing cost = 475, wirelen = 10391
Info:   at iteration #25: temp = 0.000000, timing cost = 471, wirelen = 10291
Info:   at iteration #30: temp = 0.000000, timing cost = 465, wirelen = 10273
Info:   at iteration #31: temp = 0.000000, timing cost = 464, wirelen = 10267 
Info: SA placement time 2.01s

Info: Max frequency for clock 'clk$SB_IO_IN_$glb_clk': 50.25 MHz (PASS at 12.00 MHz)

Info: Max delay <async>                       -> posedge clk$SB_IO_IN_$glb_clk: 14.14 ns
Info: Max delay posedge clk$SB_IO_IN_$glb_clk -> <async>                      : 3.17 ns

Info: Checksum: 0xb63cb8e6

Info: Routing..
Info: Setting up routing queue.
Info: Routing 7956 arcs.
Info:            |   (re-)routed arcs  |   delta    | remaining|       time spent     |
Info:    IterCnt |  w/ripup   wo/ripup |  w/r  wo/r |      arcs| batch(sec) total(sec)|
Info:       1000 |      119        880 |  119   880 |      7128|       0.68       0.68|
Info:       2000 |      305       1694 |  186   814 |      6490|       0.30       0.98|
Info:       3000 |      606       2393 |  301   699 |      5991|       0.31       1.29|
Info:       4000 |      968       3011 |  362   618 |      5565|       0.23       1.52|
Info:       5000 |     1336       3590 |  368   579 |      5255|       0.25       1.77|
Info:       6000 |     1794       4130 |  458   540 |      4841|       0.20       1.97|
Info:       7000 |     2237       4687 |  443   557 |      4570|       0.23       2.20|
Info:       8000 |     2690       5207 |  453   520 |      4223|       0.25       2.45|
Info:       9000 |     3105       5768 |  415   561 |      3837|       0.19       2.64|
Info:      10000 |     3553       6283 |  448   515 |      3482|       0.24       2.88|
Info:      11000 |     3979       6801 |  426   518 |      3017|       0.17       3.05|
Info:      12000 |     4497       7281 |  518   480 |      2848|       0.39       3.44|
Info:      13000 |     5055       7722 |  558   441 |      2714|       0.32       3.76|
Info:      14000 |     5508       8188 |  453   466 |      2375|       0.24       4.00|
Info:      15000 |     5911       8648 |  403   460 |      1957|       0.23       4.23|
Info:      16000 |     6364       9135 |  453   487 |      1553|       0.22       4.45|
Info:      17000 |     6661       9836 |  297   701 |       959|       0.17       4.62|
Info:      18000 |     6921      10563 |  260   727 |       271|       0.30       4.93|
Info:      18409 |     7017      10877 |   96   314 |         0|       0.25       5.18|
Info: Routing complete.
Info: Router1 time 5.18s
Info: Checksum: 0xa1649771

Info: Critical path report for clock 'clk$SB_IO_IN_$glb_clk' (posedge -> posedge):
Info: curr total
Info:  0.5  0.5  Source CPU.instr_SB_DFFE_Q_28_DFFLC.O
Info:  0.6  1.1    Net CPU.instr[2] (7,18) -> (7,18)
Info:                Sink CPU.writeBackData_SB_LUT4_O_4_I1_SB_LUT4_O_2_I1_SB_LUT4_I3_O_SB_LUT4_O_2_I2_SB_LUT4_O_LC.I2
Info:                Defined in:
Info:                  SOC.v:26.13-36.4
Info:                  cores/cpu/femtorv32_quark.v:197.16-197.21
Info:  0.4  1.5  Source CPU.writeBackData_SB_LUT4_O_4_I1_SB_LUT4_O_2_I1_SB_LUT4_I3_O_SB_LUT4_O_2_I2_SB_LUT4_O_LC.O
Info:  1.3  2.8    Net CPU.writeBackData_SB_LUT4_O_4_I1_SB_LUT4_O_2_I1_SB_LUT4_I3_O_SB_LUT4_O_2_I2[3] (7,18) -> (11,16)
Info:                Sink CPU.writeBackData_SB_LUT4_O_4_I1_SB_LUT4_O_2_I1_SB_LUT4_I3_O_SB_LUT4_O_2_I2_SB_LUT4_I3_LC.I3
Info:                Defined in:
Info:                  /home/digital/miniconda3/envs/digital/bin/../share/yosys/ice40/cells_map.v:6.21-6.22
Info:  0.3  3.1  Source CPU.writeBackData_SB_LUT4_O_4_I1_SB_LUT4_O_2_I1_SB_LUT4_I3_O_SB_LUT4_O_2_I2_SB_LUT4_I3_LC.O
Info:  0.6  3.7    Net CPU.writeBackData_SB_LUT4_O_4_I1_SB_LUT4_O_2_I1_SB_LUT4_I3_O_SB_LUT4_O_2_I2_SB_LUT4_I3_O[2] (11,16) -> (11,15)
Info:                Sink CPU.writeBackData_SB_LUT4_O_4_I1_SB_LUT4_O_2_I1_SB_LUT4_I3_O_SB_LUT4_O_2_I2_SB_LUT4_I3_O_SB_LUT4_I3_30_LC.I3
Info:                Defined in:
Info:                  /home/digital/miniconda3/envs/digital/bin/../share/yosys/ice40/cells_map.v:6.21-6.22
Info:  0.3  4.0  Source CPU.writeBackData_SB_LUT4_O_4_I1_SB_LUT4_O_2_I1_SB_LUT4_I3_O_SB_LUT4_O_2_I2_SB_LUT4_I3_O_SB_LUT4_I3_30_LC.O
Info:  1.3  5.3    Net CPU.writeBackData_SB_LUT4_O_31_I2_SB_LUT4_O_I0_SB_LUT4_O_1_I3[0] (11,15) -> (12,11)
Info:                Sink CPU.aluMinus_SB_LUT4_O_31_LC.I2
Info:                Defined in:
Info:                  SOC.v:26.13-36.4
Info:                  cores/cpu/femtorv32_quark.v:131.27-131.66
Info:                  /home/digital/miniconda3/envs/digital/bin/../share/yosys/ice40/arith_map.v:31.22-31.23
Info:  0.2  5.5  Source CPU.aluMinus_SB_LUT4_O_31_LC.COUT
Info:  0.0  5.5    Net CPU.aluMinus_SB_LUT4_O_I3[1] (12,11) -> (12,11)
Info:                Sink CPU.aluMinus_SB_LUT4_O_20_LC.CIN
Info:                Defined in:
Info:                  SOC.v:26.13-36.4
Info:                  cores/cpu/femtorv32_quark.v:131.27-131.66
Info:                  /home/digital/miniconda3/envs/digital/bin/../share/yosys/ice40/arith_map.v:51.21-51.22
Info:  0.1  5.6  Source CPU.aluMinus_SB_LUT4_O_20_LC.COUT
Info:  0.0  5.6    Net CPU.aluMinus_SB_LUT4_O_I3[2] (12,11) -> (12,11)
Info:                Sink CPU.aluMinus_SB_LUT4_O_9_LC.CIN
Info:                Defined in:
Info:                  SOC.v:26.13-36.4
Info:                  cores/cpu/femtorv32_quark.v:131.27-131.66
Info:                  /home/digital/miniconda3/envs/digital/bin/../share/yosys/ice40/arith_map.v:51.21-51.22
Info:  0.1  5.8  Source CPU.aluMinus_SB_LUT4_O_9_LC.COUT
Info:  0.0  5.8    Net CPU.aluMinus_SB_LUT4_O_I3[3] (12,11) -> (12,11)
Info:                Sink CPU.aluMinus_SB_LUT4_O_6_LC.CIN
Info:                Defined in:
Info:                  SOC.v:26.13-36.4
Info:                  cores/cpu/femtorv32_quark.v:131.27-131.66
Info:                  /home/digital/miniconda3/envs/digital/bin/../share/yosys/ice40/arith_map.v:51.21-51.22
Info:  0.1  5.9  Source CPU.aluMinus_SB_LUT4_O_6_LC.COUT
Info:  0.0  5.9    Net CPU.aluMinus_SB_LUT4_O_I3[4] (12,11) -> (12,11)
Info:                Sink CPU.aluMinus_SB_LUT4_O_5_LC.CIN
Info:                Defined in:
Info:                  SOC.v:26.13-36.4
Info:                  cores/cpu/femtorv32_quark.v:131.27-131.66
Info:                  /home/digital/miniconda3/envs/digital/bin/../share/yosys/ice40/arith_map.v:51.21-51.22
Info:  0.1  6.0  Source CPU.aluMinus_SB_LUT4_O_5_LC.COUT
Info:  0.0  6.0    Net CPU.aluMinus_SB_LUT4_O_I3[5] (12,11) -> (12,11)
Info:                Sink CPU.aluMinus_SB_LUT4_O_4_LC.CIN
Info:                Defined in:
Info:                  SOC.v:26.13-36.4
Info:                  cores/cpu/femtorv32_quark.v:131.27-131.66
Info:                  /home/digital/miniconda3/envs/digital/bin/../share/yosys/ice40/arith_map.v:51.21-51.22
Info:  0.1  6.1  Source CPU.aluMinus_SB_LUT4_O_4_LC.COUT
Info:  0.0  6.1    Net CPU.aluMinus_SB_LUT4_O_I3[6] (12,11) -> (12,11)
Info:                Sink CPU.aluMinus_SB_LUT4_O_3_LC.CIN
Info:                Defined in:
Info:                  SOC.v:26.13-36.4
Info:                  cores/cpu/femtorv32_quark.v:131.27-131.66
Info:                  /home/digital/miniconda3/envs/digital/bin/../share/yosys/ice40/arith_map.v:51.21-51.22
Info:  0.1  6.3  Source CPU.aluMinus_SB_LUT4_O_3_LC.COUT
Info:  0.0  6.3    Net CPU.aluMinus_SB_LUT4_O_I3[7] (12,11) -> (12,11)
Info:                Sink CPU.aluMinus_SB_LUT4_O_2_LC.CIN
Info:                Defined in:
Info:                  SOC.v:26.13-36.4
Info:                  cores/cpu/femtorv32_quark.v:131.27-131.66
Info:                  /home/digital/miniconda3/envs/digital/bin/../share/yosys/ice40/arith_map.v:51.21-51.22
Info:  0.1  6.4  Source CPU.aluMinus_SB_LUT4_O_2_LC.COUT
Info:  0.2  6.6    Net CPU.aluMinus_SB_LUT4_O_I3[8] (12,11) -> (12,12)
Info:                Sink CPU.aluMinus_SB_LUT4_O_1_LC.CIN
Info:                Defined in:
Info:                  SOC.v:26.13-36.4
Info:                  cores/cpu/femtorv32_quark.v:131.27-131.66
Info:                  /home/digital/miniconda3/envs/digital/bin/../share/yosys/ice40/arith_map.v:51.21-51.22
Info:  0.1  6.7  Source CPU.aluMinus_SB_LUT4_O_1_LC.COUT
Info:  0.0  6.7    Net CPU.aluMinus_SB_LUT4_O_I3[9] (12,12) -> (12,12)
Info:                Sink CPU.aluMinus_SB_LUT4_O_LC.CIN
Info:                Defined in:
Info:                  SOC.v:26.13-36.4
Info:                  cores/cpu/femtorv32_quark.v:131.27-131.66
Info:                  /home/digital/miniconda3/envs/digital/bin/../share/yosys/ice40/arith_map.v:51.21-51.22
Info:  0.1  6.8  Source CPU.aluMinus_SB_LUT4_O_LC.COUT
Info:  0.0  6.8    Net CPU.aluMinus_SB_LUT4_O_I3[10] (12,12) -> (12,12)
Info:                Sink CPU.aluMinus_SB_LUT4_O_30_LC.CIN
Info:                Defined in:
Info:                  SOC.v:26.13-36.4
Info:                  cores/cpu/femtorv32_quark.v:131.27-131.66
Info:                  /home/digital/miniconda3/envs/digital/bin/../share/yosys/ice40/arith_map.v:51.21-51.22
Info:  0.1  7.0  Source CPU.aluMinus_SB_LUT4_O_30_LC.COUT
Info:  0.0  7.0    Net CPU.aluMinus_SB_LUT4_O_I3[11] (12,12) -> (12,12)
Info:                Sink CPU.aluMinus_SB_LUT4_O_29_LC.CIN
Info:                Defined in:
Info:                  SOC.v:26.13-36.4
Info:                  cores/cpu/femtorv32_quark.v:131.27-131.66
Info:                  /home/digital/miniconda3/envs/digital/bin/../share/yosys/ice40/arith_map.v:51.21-51.22
Info:  0.1  7.1  Source CPU.aluMinus_SB_LUT4_O_29_LC.COUT
Info:  0.0  7.1    Net CPU.aluMinus_SB_LUT4_O_I3[12] (12,12) -> (12,12)
Info:                Sink CPU.aluMinus_SB_LUT4_O_28_LC.CIN
Info:                Defined in:
Info:                  SOC.v:26.13-36.4
Info:                  cores/cpu/femtorv32_quark.v:131.27-131.66
Info:                  /home/digital/miniconda3/envs/digital/bin/../share/yosys/ice40/arith_map.v:51.21-51.22
Info:  0.1  7.2  Source CPU.aluMinus_SB_LUT4_O_28_LC.COUT
Info:  0.0  7.2    Net CPU.aluMinus_SB_LUT4_O_I3[13] (12,12) -> (12,12)
Info:                Sink CPU.aluMinus_SB_LUT4_O_27_LC.CIN
Info:                Defined in:
Info:                  SOC.v:26.13-36.4
Info:                  cores/cpu/femtorv32_quark.v:131.27-131.66
Info:                  /home/digital/miniconda3/envs/digital/bin/../share/yosys/ice40/arith_map.v:51.21-51.22
Info:  0.1  7.3  Source CPU.aluMinus_SB_LUT4_O_27_LC.COUT
Info:  0.0  7.3    Net CPU.aluMinus_SB_LUT4_O_I3[14] (12,12) -> (12,12)
Info:                Sink CPU.aluMinus_SB_LUT4_O_26_LC.CIN
Info:                Defined in:
Info:                  SOC.v:26.13-36.4
Info:                  cores/cpu/femtorv32_quark.v:131.27-131.66
Info:                  /home/digital/miniconda3/envs/digital/bin/../share/yosys/ice40/arith_map.v:51.21-51.22
Info:  0.1  7.5  Source CPU.aluMinus_SB_LUT4_O_26_LC.COUT
Info:  0.0  7.5    Net CPU.aluMinus_SB_LUT4_O_I3[15] (12,12) -> (12,12)
Info:                Sink CPU.aluMinus_SB_LUT4_O_25_LC.CIN
Info:                Defined in:
Info:                  SOC.v:26.13-36.4
Info:                  cores/cpu/femtorv32_quark.v:131.27-131.66
Info:                  /home/digital/miniconda3/envs/digital/bin/../share/yosys/ice40/arith_map.v:51.21-51.22
Info:  0.1  7.6  Source CPU.aluMinus_SB_LUT4_O_25_LC.COUT
Info:  0.2  7.8    Net CPU.aluMinus_SB_LUT4_O_I3[16] (12,12) -> (12,13)
Info:                Sink CPU.aluMinus_SB_LUT4_O_24_LC.CIN
Info:                Defined in:
Info:                  SOC.v:26.13-36.4
Info:                  cores/cpu/femtorv32_quark.v:131.27-131.66
Info:                  /home/digital/miniconda3/envs/digital/bin/../share/yosys/ice40/arith_map.v:51.21-51.22
Info:  0.1  7.9  Source CPU.aluMinus_SB_LUT4_O_24_LC.COUT
Info:  0.0  7.9    Net CPU.aluMinus_SB_LUT4_O_I3[17] (12,13) -> (12,13)
Info:                Sink CPU.aluMinus_SB_LUT4_O_23_LC.CIN
Info:                Defined in:
Info:                  SOC.v:26.13-36.4
Info:                  cores/cpu/femtorv32_quark.v:131.27-131.66
Info:                  /home/digital/miniconda3/envs/digital/bin/../share/yosys/ice40/arith_map.v:51.21-51.22
Info:  0.1  8.0  Source CPU.aluMinus_SB_LUT4_O_23_LC.COUT
Info:  0.0  8.0    Net CPU.aluMinus_SB_LUT4_O_I3[18] (12,13) -> (12,13)
Info:                Sink CPU.aluMinus_SB_LUT4_O_22_LC.CIN
Info:                Defined in:
Info:                  SOC.v:26.13-36.4
Info:                  cores/cpu/femtorv32_quark.v:131.27-131.66
Info:                  /home/digital/miniconda3/envs/digital/bin/../share/yosys/ice40/arith_map.v:51.21-51.22
Info:  0.1  8.2  Source CPU.aluMinus_SB_LUT4_O_22_LC.COUT
Info:  0.0  8.2    Net CPU.aluMinus_SB_LUT4_O_I3[19] (12,13) -> (12,13)
Info:                Sink CPU.aluMinus_SB_LUT4_O_21_LC.CIN
Info:                Defined in:
Info:                  SOC.v:26.13-36.4
Info:                  cores/cpu/femtorv32_quark.v:131.27-131.66
Info:                  /home/digital/miniconda3/envs/digital/bin/../share/yosys/ice40/arith_map.v:51.21-51.22
Info:  0.1  8.3  Source CPU.aluMinus_SB_LUT4_O_21_LC.COUT
Info:  0.0  8.3    Net CPU.aluMinus_SB_LUT4_O_I3[20] (12,13) -> (12,13)
Info:                Sink CPU.aluMinus_SB_LUT4_O_19_LC.CIN
Info:                Defined in:
Info:                  SOC.v:26.13-36.4
Info:                  cores/cpu/femtorv32_quark.v:131.27-131.66
Info:                  /home/digital/miniconda3/envs/digital/bin/../share/yosys/ice40/arith_map.v:51.21-51.22
Info:  0.1  8.4  Source CPU.aluMinus_SB_LUT4_O_19_LC.COUT
Info:  0.0  8.4    Net CPU.aluMinus_SB_LUT4_O_I3[21] (12,13) -> (12,13)
Info:                Sink CPU.aluMinus_SB_LUT4_O_18_LC.CIN
Info:                Defined in:
Info:                  SOC.v:26.13-36.4
Info:                  cores/cpu/femtorv32_quark.v:131.27-131.66
Info:                  /home/digital/miniconda3/envs/digital/bin/../share/yosys/ice40/arith_map.v:51.21-51.22
Info:  0.1  8.5  Source CPU.aluMinus_SB_LUT4_O_18_LC.COUT
Info:  0.0  8.5    Net CPU.aluMinus_SB_LUT4_O_I3[22] (12,13) -> (12,13)
Info:                Sink CPU.aluMinus_SB_LUT4_O_17_LC.CIN
Info:                Defined in:
Info:                  SOC.v:26.13-36.4
Info:                  cores/cpu/femtorv32_quark.v:131.27-131.66
Info:                  /home/digital/miniconda3/envs/digital/bin/../share/yosys/ice40/arith_map.v:51.21-51.22
Info:  0.1  8.7  Source CPU.aluMinus_SB_LUT4_O_17_LC.COUT
Info:  0.0  8.7    Net CPU.aluMinus_SB_LUT4_O_I3[23] (12,13) -> (12,13)
Info:                Sink CPU.aluMinus_SB_LUT4_O_16_LC.CIN
Info:                Defined in:
Info:                  SOC.v:26.13-36.4
Info:                  cores/cpu/femtorv32_quark.v:131.27-131.66
Info:                  /home/digital/miniconda3/envs/digital/bin/../share/yosys/ice40/arith_map.v:51.21-51.22
Info:  0.1  8.8  Source CPU.aluMinus_SB_LUT4_O_16_LC.COUT
Info:  0.2  9.0    Net CPU.aluMinus_SB_LUT4_O_I3[24] (12,13) -> (12,14)
Info:                Sink CPU.aluMinus_SB_LUT4_O_15_LC.CIN
Info:                Defined in:
Info:                  SOC.v:26.13-36.4
Info:                  cores/cpu/femtorv32_quark.v:131.27-131.66
Info:                  /home/digital/miniconda3/envs/digital/bin/../share/yosys/ice40/arith_map.v:51.21-51.22
Info:  0.1  9.1  Source CPU.aluMinus_SB_LUT4_O_15_LC.COUT
Info:  0.0  9.1    Net CPU.aluMinus_SB_LUT4_O_I3[25] (12,14) -> (12,14)
Info:                Sink CPU.aluMinus_SB_LUT4_O_14_LC.CIN
Info:                Defined in:
Info:                  SOC.v:26.13-36.4
Info:                  cores/cpu/femtorv32_quark.v:131.27-131.66
Info:                  /home/digital/miniconda3/envs/digital/bin/../share/yosys/ice40/arith_map.v:51.21-51.22
Info:  0.1  9.2  Source CPU.aluMinus_SB_LUT4_O_14_LC.COUT
Info:  0.0  9.2    Net CPU.aluMinus_SB_LUT4_O_I3[26] (12,14) -> (12,14)
Info:                Sink CPU.aluMinus_SB_LUT4_O_13_LC.CIN
Info:                Defined in:
Info:                  SOC.v:26.13-36.4
Info:                  cores/cpu/femtorv32_quark.v:131.27-131.66
Info:                  /home/digital/miniconda3/envs/digital/bin/../share/yosys/ice40/arith_map.v:51.21-51.22
Info:  0.1  9.4  Source CPU.aluMinus_SB_LUT4_O_13_LC.COUT
Info:  0.0  9.4    Net CPU.aluMinus_SB_LUT4_O_I3[27] (12,14) -> (12,14)
Info:                Sink CPU.aluMinus_SB_LUT4_O_12_LC.CIN
Info:                Defined in:
Info:                  SOC.v:26.13-36.4
Info:                  cores/cpu/femtorv32_quark.v:131.27-131.66
Info:                  /home/digital/miniconda3/envs/digital/bin/../share/yosys/ice40/arith_map.v:51.21-51.22
Info:  0.1  9.5  Source CPU.aluMinus_SB_LUT4_O_12_LC.COUT
Info:  0.0  9.5    Net CPU.aluMinus_SB_LUT4_O_I3[28] (12,14) -> (12,14)
Info:                Sink CPU.aluMinus_SB_LUT4_O_11_LC.CIN
Info:                Defined in:
Info:                  SOC.v:26.13-36.4
Info:                  cores/cpu/femtorv32_quark.v:131.27-131.66
Info:                  /home/digital/miniconda3/envs/digital/bin/../share/yosys/ice40/arith_map.v:51.21-51.22
Info:  0.1  9.6  Source CPU.aluMinus_SB_LUT4_O_11_LC.COUT
Info:  0.0  9.6    Net CPU.aluMinus_SB_LUT4_O_I3[29] (12,14) -> (12,14)
Info:                Sink CPU.aluMinus_SB_LUT4_O_10_LC.CIN
Info:                Defined in:
Info:                  SOC.v:26.13-36.4
Info:                  cores/cpu/femtorv32_quark.v:131.27-131.66
Info:                  /home/digital/miniconda3/envs/digital/bin/../share/yosys/ice40/arith_map.v:51.21-51.22
Info:  0.1  9.7  Source CPU.aluMinus_SB_LUT4_O_10_LC.COUT
Info:  0.0  9.7    Net CPU.aluMinus_SB_LUT4_O_I3[30] (12,14) -> (12,14)
Info:                Sink CPU.aluMinus_SB_LUT4_O_8_LC.CIN
Info:                Defined in:
Info:                  SOC.v:26.13-36.4
Info:                  cores/cpu/femtorv32_quark.v:131.27-131.66
Info:                  /home/digital/miniconda3/envs/digital/bin/../share/yosys/ice40/arith_map.v:51.21-51.22
Info:  0.1  9.9  Source CPU.aluMinus_SB_LUT4_O_8_LC.COUT
Info:  0.3 10.1    Net CPU.aluMinus_SB_LUT4_O_I3[31] (12,14) -> (12,14)
Info:                Sink CPU.aluMinus_SB_LUT4_O_7_LC.I3
Info:                Defined in:
Info:                  SOC.v:26.13-36.4
Info:                  cores/cpu/femtorv32_quark.v:131.27-131.66
Info:                  /home/digital/miniconda3/envs/digital/bin/../share/yosys/ice40/arith_map.v:51.21-51.22
Info:  0.3 10.4  Source CPU.aluMinus_SB_LUT4_O_7_LC.O
Info:  0.6 11.0    Net CPU.aluMinus[31] (12,14) -> (12,15)
Info:                Sink CPU.writeBackData_SB_LUT4_O_31_I2_SB_LUT4_O_I0_SB_LUT4_O_2_I0_SB_LUT4_I2_I1_SB_LUT4_O_I0_SB_LUT4_O_3_I2_SB_LUT4_O_1_LC.I3
Info:                Defined in:
Info:                  SOC.v:26.13-36.4
Info:                  cores/cpu/femtorv32_quark.v:131.16-131.24
Info:  0.3 11.3  Source CPU.writeBackData_SB_LUT4_O_31_I2_SB_LUT4_O_I0_SB_LUT4_O_2_I0_SB_LUT4_I2_I1_SB_LUT4_O_I0_SB_LUT4_O_3_I2_SB_LUT4_O_1_LC.O
Info:  0.6 11.9    Net CPU.writeBackData_SB_LUT4_O_31_I2_SB_LUT4_O_I0_SB_LUT4_O_2_I0_SB_LUT4_I2_I1_SB_LUT4_O_I0_SB_LUT4_O_3_I2[0] (12,15) -> (13,16)
Info:                Sink CPU.writeBackData_SB_LUT4_O_31_I2_SB_LUT4_O_I0_SB_LUT4_O_2_I0_SB_LUT4_I2_I1_SB_LUT4_O_I0_SB_LUT4_O_3_LC.I2
Info:                Defined in:
Info:                  /home/digital/miniconda3/envs/digital/bin/../share/yosys/ice40/cells_map.v:6.21-6.22
Info:  0.4 12.3  Source CPU.writeBackData_SB_LUT4_O_31_I2_SB_LUT4_O_I0_SB_LUT4_O_2_I0_SB_LUT4_I2_I1_SB_LUT4_O_I0_SB_LUT4_O_3_LC.O
Info:  0.6 12.9    Net CPU.writeBackData_SB_LUT4_O_31_I2_SB_LUT4_O_I0_SB_LUT4_O_2_I0_SB_LUT4_I2_I1_SB_LUT4_O_I0[0] (13,16) -> (13,16)
Info:                Sink CPU.writeBackData_SB_LUT4_O_31_I2_SB_LUT4_O_I0_SB_LUT4_O_2_I0_SB_LUT4_I2_I1_SB_LUT4_O_LC.I0
Info:                Defined in:
Info:                  /home/digital/miniconda3/envs/digital/bin/../share/yosys/ice40/cells_map.v:6.21-6.22
Info:  0.4 13.4  Source CPU.writeBackData_SB_LUT4_O_31_I2_SB_LUT4_O_I0_SB_LUT4_O_2_I0_SB_LUT4_I2_I1_SB_LUT4_O_LC.O
Info:  0.6 13.9    Net CPU.writeBackData_SB_LUT4_O_31_I2_SB_LUT4_O_I0_SB_LUT4_O_2_I0_SB_LUT4_I2_I1[0] (13,16) -> (14,16)
Info:                Sink CPU.writeBackData_SB_LUT4_O_31_I2_SB_LUT4_O_I0_SB_LUT4_O_2_I0_SB_LUT4_I2_LC.I1
Info:                Defined in:
Info:                  /home/digital/miniconda3/envs/digital/bin/../share/yosys/ice40/cells_map.v:6.21-6.22
Info:  0.4 14.3  Source CPU.writeBackData_SB_LUT4_O_31_I2_SB_LUT4_O_I0_SB_LUT4_O_2_I0_SB_LUT4_I2_LC.O
Info:  0.6 14.9    Net CPU.writeBackData_SB_LUT4_O_31_I2_SB_LUT4_O_I0_SB_LUT4_O_2_I0_SB_LUT4_I2_O[2] (14,16) -> (15,15)
Info:                Sink CPU.writeBackData_SB_LUT4_O_31_I2_SB_LUT4_O_I0_SB_LUT4_O_2_I0_SB_LUT4_I2_O_SB_LUT4_I2_LC.I2
Info:                Defined in:
Info:                  /home/digital/miniconda3/envs/digital/bin/../share/yosys/ice40/cells_map.v:6.21-6.22
Info:  0.4 15.3  Source CPU.writeBackData_SB_LUT4_O_31_I2_SB_LUT4_O_I0_SB_LUT4_O_2_I0_SB_LUT4_I2_O_SB_LUT4_I2_LC.O
Info:  0.6 15.9    Net CPU.writeBackData_SB_LUT4_O_31_I2_SB_LUT4_O_I0_SB_LUT4_O_2_I0_SB_LUT4_I2_O_SB_LUT4_I2_O[1] (15,15) -> (16,14)
Info:                Sink CPU.writeBackData_SB_LUT4_O_31_I2_SB_LUT4_O_I0_SB_LUT4_O_2_I0_SB_LUT4_I2_O_SB_LUT4_I2_O_SB_LUT4_I1_LC.I1
Info:                Defined in:
Info:                  /home/digital/miniconda3/envs/digital/bin/../share/yosys/ice40/cells_map.v:6.21-6.22
Info:  0.4 16.3  Source CPU.writeBackData_SB_LUT4_O_31_I2_SB_LUT4_O_I0_SB_LUT4_O_2_I0_SB_LUT4_I2_O_SB_LUT4_I2_O_SB_LUT4_I1_LC.O
Info:  1.6 17.9    Net CPU.writeBackData_SB_LUT4_O_31_I2_SB_LUT4_O_I0_SB_LUT4_O_2_I0_SB_LUT4_I2_O_SB_LUT4_I2_O_SB_LUT4_I1_O[3] (16,14) -> (14,6)
Info:                Sink CPU.PC_SB_DFFESR_Q_22_E_SB_LUT4_O_LC.I1
Info:                Defined in:
Info:                  /home/digital/miniconda3/envs/digital/bin/../share/yosys/ice40/cells_map.v:6.21-6.22
Info:  0.4 18.3  Source CPU.PC_SB_DFFESR_Q_22_E_SB_LUT4_O_LC.O
Info:  1.6 20.0    Net CPU.PC_SB_DFFESR_Q_22_E (14,6) -> (13,5)
Info:                Sink CPU.PC_SB_DFFESR_Q_22_D_SB_LUT4_O_LC.CEN
Info:  0.1 20.1  Setup CPU.PC_SB_DFFESR_Q_22_D_SB_LUT4_O_LC.CEN
Info: 8.7 ns logic, 11.4 ns routing

Info: Critical path report for cross-domain path '<async>' -> 'posedge clk$SB_IO_IN_$glb_clk':
Info: curr total
Info:  0.0  0.0  Source BUTTONS_IN[0]$sb_io.D_IN_0
Info:  3.9  3.9    Net BUTTONS_IN[0]$SB_IO_IN (0,25) -> (4,3)
Info:                Sink per_keyboard_pwm_.pwm_gen.freq_SB_LUT4_O_9_I2_SB_LUT4_O_I1_SB_LUT4_O_LC.I2
Info:                Defined in:
Info:                  /home/digital/miniconda3/envs/digital/bin/../share/yosys/ice40/cells_map.v:6.21-6.22
Info:  0.4  4.3  Source per_keyboard_pwm_.pwm_gen.freq_SB_LUT4_O_9_I2_SB_LUT4_O_I1_SB_LUT4_O_LC.O
Info:  0.6  4.9    Net per_keyboard_pwm_.pwm_gen.freq_SB_LUT4_O_9_I2_SB_LUT4_O_I1[3] (4,3) -> (4,4)
Info:                Sink per_keyboard_pwm_.pwm_gen.freq_SB_LUT4_O_9_I2_SB_LUT4_O_I1_SB_LUT4_I3_LC.I3
Info:                Defined in:
Info:                  /home/digital/miniconda3/envs/digital/bin/../share/yosys/ice40/cells_map.v:6.21-6.22
Info:  0.3  5.2  Source per_keyboard_pwm_.pwm_gen.freq_SB_LUT4_O_9_I2_SB_LUT4_O_I1_SB_LUT4_I3_LC.O
Info:  0.6  5.8    Net per_keyboard_pwm_.pwm_gen.freq_SB_LUT4_O_9_I2_SB_LUT4_O_I1_SB_LUT4_I3_O[1] (4,4) -> (4,5)
Info:                Sink per_keyboard_pwm_.pwm_gen.freq_SB_LUT4_O_11_I3_SB_LUT4_O_LC.I3
Info:                Defined in:
Info:                  /home/digital/miniconda3/envs/digital/bin/../share/yosys/ice40/cells_map.v:6.21-6.22
Info:  0.3  6.1  Source per_keyboard_pwm_.pwm_gen.freq_SB_LUT4_O_11_I3_SB_LUT4_O_LC.O
Info:  0.6  6.7    Net per_keyboard_pwm_.pwm_gen.freq_SB_LUT4_O_11_I3[1] (4,5) -> (4,6)
Info:                Sink per_keyboard_pwm_.pwm_gen.freq_SB_LUT4_O_11_I3_SB_LUT4_I3_LC.I3
Info:                Defined in:
Info:                  /home/digital/miniconda3/envs/digital/bin/../share/yosys/ice40/cells_map.v:6.21-6.22
Info:  0.3  7.0  Source per_keyboard_pwm_.pwm_gen.freq_SB_LUT4_O_11_I3_SB_LUT4_I3_LC.O
Info:  1.3  8.3    Net per_keyboard_pwm_.pwm_gen.freq_SB_LUT4_O_11_I3_SB_LUT4_I3_O[0] (4,6) -> (2,9)
Info:                Sink per_keyboard_pwm_.pwm_gen.freq_SB_LUT4_O_11_I3_SB_LUT4_I3_O_SB_LUT4_I1_LC.I1
Info:                Defined in:
Info:                  /home/digital/miniconda3/envs/digital/bin/../share/yosys/ice40/cells_map.v:6.21-6.22
Info:  0.4  8.7  Source per_keyboard_pwm_.pwm_gen.freq_SB_LUT4_O_11_I3_SB_LUT4_I3_O_SB_LUT4_I1_LC.O
Info:  1.7 10.4    Net per_keyboard_pwm_.pwm_gen.counter_SB_DFFSR_Q_R (2,9) -> (0,16)
Info:                Sink $gbuf_per_keyboard_pwm_.pwm_gen.counter_SB_DFFSR_Q_R_$glb_sr.USER_SIGNAL_TO_GLOBAL_BUFFER
Info:  0.6 11.0  Source $gbuf_per_keyboard_pwm_.pwm_gen.counter_SB_DFFSR_Q_R_$glb_sr.GLOBAL_BUFFER_OUTPUT
Info:  0.5 11.5    Net per_keyboard_pwm_.pwm_gen.counter_SB_DFFSR_Q_R_$glb_sr (0,16) -> (2,4)
Info:                Sink per_keyboard_pwm_.pwm_gen.counter_SB_DFFSR_Q_31_DFFLC.SR
Info:  0.1 11.6  Setup per_keyboard_pwm_.pwm_gen.counter_SB_DFFSR_Q_31_DFFLC.SR
Info: 2.4 ns logic, 9.1 ns routing

Info: Critical path report for cross-domain path 'posedge clk$SB_IO_IN_$glb_clk' -> '<async>':
Info: curr total
Info:  0.5  0.5  Source per_led_pwm_.led_pwm0.pwm_SB_DFFSR_Q_D_SB_LUT4_O_LC.O
Info:  2.3  2.9    Net PWM_LED_OUT$SB_IO_OUT (15,9) -> (22,0)
Info:                Sink PWM_LED_OUT$sb_io.D_OUT_0
Info:                Defined in:
Info:                  SOC.v:132.17-142.5
Info:                  cores/led_pwm/perip_led_pwm.v:10.12-10.15
Info: 0.5 ns logic, 2.3 ns routing

Info: Max frequency for clock 'clk$SB_IO_IN_$glb_clk': 49.87 MHz (PASS at 12.00 MHz)

Info: Max delay <async>                       -> posedge clk$SB_IO_IN_$glb_clk: 11.59 ns
Info: Max delay posedge clk$SB_IO_IN_$glb_clk -> <async>                      : 2.87 ns

Info: Program finished normally.
