#! /usr/bin/env bash
exec /home/alpamama/miniconda3/envs/digital/bin/vvp -f "$0" "$@" <<'# EOF'
:ivl_version "13.0 (devel)" "(0_8-6859-gf50cc35d2-dirty)";
:ivl_delay_selection "TYPICAL";
:vpi_time_precision + 0;
:vpi_module "/home/alpamama/miniconda3/envs/digital/lib/ivl/system.vpi";
:vpi_module "/home/alpamama/miniconda3/envs/digital/lib/ivl/vhdl_sys.vpi";
:vpi_module "/home/alpamama/miniconda3/envs/digital/lib/ivl/vhdl_textio.vpi";
:vpi_module "/home/alpamama/miniconda3/envs/digital/lib/ivl/v2005_math.vpi";
:vpi_module "/home/alpamama/miniconda3/envs/digital/lib/ivl/va_math.vpi";
S_0x13186540 .scope module, "tb_contador_flancos" "tb_contador_flancos" 2 1;
 .timescale 0 0;
v0x13199a70_0 .var "clk", 0 0;
v0x13199b10_0 .net "codigo", 1 0, v0x131994e0_0;  1 drivers
v0x13199bb0_0 .var "sensor", 0 0;
S_0x131866d0 .scope module, "uut" "Contador_flancos" 2 6, 3 1 0, S_0x13186540;
 .timescale 0 0;
    .port_info 0 /INPUT 1 "clk";
    .port_info 1 /INPUT 1 "sensor";
    .port_info 2 /OUTPUT 2 "codigo";
L_0x13199cb0 .functor NOT 1, v0x13199bb0_0, C4<0>, C4<0>, C4<0>;
L_0x13199da0 .functor AND 1, v0x13199930_0, L_0x13199cb0, C4<1>, C4<1>;
v0x13186920_0 .net *"_ivl_0", 0 0, L_0x13199cb0;  1 drivers
v0x13199420_0 .net "clk", 0 0, v0x13199a70_0;  1 drivers
v0x131994e0_0 .var "codigo", 1 0;
v0x131995a0_0 .var "contador", 31 0;
v0x13199680_0 .var "div_clk", 25 0;
v0x131997b0_0 .net "flanco_bajada", 0 0, L_0x13199da0;  1 drivers
v0x13199870_0 .net "sensor", 0 0, v0x13199bb0_0;  1 drivers
v0x13199930_0 .var "sensor_prev", 0 0;
E_0x13183440 .event posedge, v0x13199420_0;
    .scope S_0x131866d0;
T_0 ;
    %pushi/vec4 0, 0, 32;
    %store/vec4 v0x131995a0_0, 0, 32;
    %pushi/vec4 0, 0, 26;
    %store/vec4 v0x13199680_0, 0, 26;
    %pushi/vec4 1, 0, 1;
    %store/vec4 v0x13199930_0, 0, 1;
    %end;
    .thread T_0;
    .scope S_0x131866d0;
T_1 ;
    %wait E_0x13183440;
    %load/vec4 v0x13199870_0;
    %assign/vec4 v0x13199930_0, 0;
    %load/vec4 v0x13199680_0;
    %cmpi/e 50000000, 0, 26;
    %jmp/0xz  T_1.0, 4;
    %load/vec4 v0x131995a0_0;
    %cmpi/u 15, 0, 32;
    %jmp/0xz  T_1.2, 5;
    %pushi/vec4 1, 0, 2;
    %assign/vec4 v0x131994e0_0, 0;
    %jmp T_1.3;
T_1.2 ;
    %load/vec4 v0x131995a0_0;
    %cmpi/u 30, 0, 32;
    %jmp/0xz  T_1.4, 5;
    %pushi/vec4 2, 0, 2;
    %assign/vec4 v0x131994e0_0, 0;
    %jmp T_1.5;
T_1.4 ;
    %pushi/vec4 3, 0, 2;
    %assign/vec4 v0x131994e0_0, 0;
T_1.5 ;
T_1.3 ;
    %pushi/vec4 0, 0, 32;
    %assign/vec4 v0x131995a0_0, 0;
    %pushi/vec4 0, 0, 26;
    %assign/vec4 v0x13199680_0, 0;
    %jmp T_1.1;
T_1.0 ;
    %load/vec4 v0x13199680_0;
    %addi 1, 0, 26;
    %assign/vec4 v0x13199680_0, 0;
    %load/vec4 v0x131997b0_0;
    %flag_set/vec4 8;
    %jmp/0xz  T_1.6, 8;
    %load/vec4 v0x131995a0_0;
    %addi 1, 0, 32;
    %assign/vec4 v0x131995a0_0, 0;
T_1.6 ;
T_1.1 ;
    %jmp T_1;
    .thread T_1;
    .scope S_0x13186540;
T_2 ;
    %pushi/vec4 0, 0, 1;
    %store/vec4 v0x13199a70_0, 0, 1;
    %pushi/vec4 1, 0, 1;
    %store/vec4 v0x13199bb0_0, 0, 1;
    %end;
    .thread T_2;
    .scope S_0x13186540;
T_3 ;
    %delay 10, 0;
    %load/vec4 v0x13199a70_0;
    %inv;
    %store/vec4 v0x13199a70_0, 0, 1;
    %jmp T_3;
    .thread T_3;
    .scope S_0x13186540;
T_4 ;
    %vpi_call 2 13 "$dumpfile", "dump.vcd" {0 0 0};
    %vpi_call 2 14 "$dumpvars", 32'sb00000000000000000000000000000000, S_0x13186540 {0 0 0};
    %pushi/vec4 20, 0, 32;
T_4.0 %dup/vec4;
    %pushi/vec4 0, 0, 32;
    %cmp/s;
    %jmp/1xz T_4.1, 5;
    %jmp/1 T_4.1, 4;
    %pushi/vec4 1, 0, 32;
    %sub;
    %delay 25, 0;
    %load/vec4 v0x13199bb0_0;
    %inv;
    %store/vec4 v0x13199bb0_0, 0, 1;
    %jmp T_4.0;
T_4.1 ;
    %pop/vec4 1;
    %delay 2000000000, 0;
    %vpi_call 2 19 "$finish" {0 0 0};
    %end;
    .thread T_4;
# The file index is used to find the file name in the following table.
:file_names 4;
    "N/A";
    "<interactive>";
    "tb_contador_flancos.v";
    "contador_flancos.v";
# EOF
